<?xml version="1.0" encoding="UTF-8"?>
<!-- Generated by org.testng.reporters.JUnitXMLReporter -->
<testsuite hostname="Ramesh-PC" ignored="0" name="Test" tests="2" failures="0" timestamp="30 Apr 2020 02:50:37 GMT" time="63.253" errors="0">
  <testcase name="feature" time="23.873" classname="com.testautomation.TestRunners.PersonalConsumer.Personalconsumersetup"/>
  <testcase name="feature" time="37.663" classname="com.testautomation.TestRunners.PersonalConsumer.PersonalConsumerMaintenance"/>
</testsuite> <!-- Test -->
