<?xml version="1.0" encoding="UTF-8"?>
<testng-results skipped="0" failed="0" ignored="0" total="1" passed="1">
  <reporter-output>
  </reporter-output>
  <suite name="Suite" duration-ms="55005" started-at="2020-07-11T12:05:15Z" finished-at="2020-07-11T12:06:10Z">
    <groups>
      <group name="cucumber">
        <method signature="TestRunner.feature(cucumber.api.testng.CucumberFeatureWrapper)[pri:0, instance:com.testautomation.TestRunner.TestRunner@782663d3]" name="feature" class="com.testautomation.TestRunner.TestRunner"/>
      </group> <!-- cucumber -->
    </groups>
    <test name="Test" duration-ms="55005" started-at="2020-07-11T12:05:15Z" finished-at="2020-07-11T12:06:10Z">
      <class name="com.testautomation.TestRunner.TestRunner">
        <test-method status="PASS" signature="setUpClass()[pri:0, instance:com.testautomation.TestRunner.TestRunner@782663d3]" name="setUpClass" is-config="true" duration-ms="922" started-at="2020-07-11T12:05:16Z" finished-at="2020-07-11T12:05:17Z">
          <reporter-output>
          </reporter-output>
        </test-method> <!-- setUpClass -->
        <test-method status="PASS" signature="feature(cucumber.api.testng.CucumberFeatureWrapper)[pri:0, instance:com.testautomation.TestRunner.TestRunner@782663d3]" name="feature" duration-ms="48177" started-at="2020-07-11T12:05:18Z" description="Runs Cucumber Feature" data-provider="features" finished-at="2020-07-11T12:06:06Z">
          <params>
            <param index="0">
              <value>
                <![CDATA[Personal Consumer Setup]]>
              </value>
            </param>
          </params>
          <reporter-output>
          </reporter-output>
        </test-method> <!-- feature -->
        <test-method status="PASS" signature="setup()[pri:0, instance:com.testautomation.TestRunner.TestRunner@782663d3]" name="setup" is-config="true" duration-ms="2" started-at="2020-07-11T12:06:06Z" finished-at="2020-07-11T12:06:06Z">
          <reporter-output>
          </reporter-output>
        </test-method> <!-- setup -->
        <test-method status="PASS" signature="tearDownClass()[pri:0, instance:com.testautomation.TestRunner.TestRunner@782663d3]" name="tearDownClass" is-config="true" duration-ms="4406" started-at="2020-07-11T12:06:06Z" finished-at="2020-07-11T12:06:10Z">
          <reporter-output>
          </reporter-output>
        </test-method> <!-- tearDownClass -->
      </class> <!-- com.testautomation.TestRunner.TestRunner -->
    </test> <!-- Test -->
  </suite> <!-- Suite -->
</testng-results>
